[    0.000000] Initializing cgroup subsys cpuset
[    0.000000] Initializing cgroup subsys cpu
[    0.000000] Initializing cgroup subsys cpuacct
[    0.000000] Linux version 4.4.0-92-generic (buildd@lcy01-17) (gcc version 5.4.0 20160609 (Ubuntu 5.4.0-6ubuntu1~16.04.4) ) #115-Ubuntu SMP Thu Aug 10 09:04:33 UTC 2017 (Ubuntu 4.4.0-92.115-generic 4.4.76)
[    0.000000] Command line: BOOT_IMAGE=/boot/vmlinuz-4.4.0-92-generic root=LABEL=cloudimg-rootfs ro console=tty1 console=ttyS0
[    0.000000] KERNEL supported cpus:
[    0.000000]   Inteffset[2]:  576, xstate_sizes[2]:  256
[    0.000000] x86/fpu: Supporting XSAVE feature 0x01: 'x87 floating point registers'
[    0.000000] x86/fpu: Supporting XSAVE feature 0x02: 'SSE registers'
[    0.000000] x86/fpu: Supporting XSAVE feature 0x04: 'AVX registers'
[    0.000000] x86/fpu: Enabled xstate features 0x7, context size is 832 bytes, using 'standard' format.
[    0.000000] x86/fpu: Using 'lazy' FPU context switches.
[    0.000000] e820: BIOS-provided physical RAM map:
[    0.000000] BIOS-e820: [mem 0x0000000000000000-0x000000000009fbff] usable
[    0.000000] BIOS-e820: [mem 0x000000000009fc00-0x000000000009ffff] reserved
[    0.000000] BIOS-e820: [mem 0x00000000000f0000-0x00000000000fffff] reserved
[    0.000000] BIOS-e820: [mem 0x0000000000100000-0x000000003ffeffff] usable
[    0.000000] BIOS-e820: [mem 0x000000003fff0000-0x000000003fffffff] ACPI data
[    0.000000] BIOS-e820: [mem 0x00000000fec00000-0x00000000fec00fff] reserved
[    0.000000] BIOS-e820: [mem 0x00000000fee00000-0x00000000fee00fff] reserved
[    0.000000] BIOS-e820: [mem 0x00000000fffc0000-0x00000000ffffffff] reserved
[    0.000000] NX (Execute Disable) protection: active
[    0.000000] SMBIOS 2.5 present.
[    0.000000] Hypervisor detected: KVM
[    0.000000] e820: last_pfn = 0x3fff0 max_arch_pfn = 0x400000000
[    0.000000] MTRR: Disabled
[    0.000000] x86/PAT: MTRRs disabled, skipping PAT initialization too.
[    0.000000] x86/PAT: Configuration [0-7]: WB  WT  UC- UC  WB  WT  UC- UC  
[    0.000000] CPU MTRRs all blank - virtualized system.
[    0.000000] found SMP MP-table at [mem 0x0009fff0-0x0009ffff] mapped at [ffff88000009fff0]
[    0.000000] Scanning 1 areas for low memory corruption
[    0.000000] RAMDISK: [mem 0x36ac8000-0x3755bfff]
[    0.000000] ACPI: Early table checksum verification disabled
[    0.000000] ACPI: RSDP 0x00000000000E0000 000024 (v02 VBOX  )
[    0.000000] ACPI: XSDT 0x000000003FFF0030 00003C (v01 VBOX   VBOXXSDT 00000001 ASL  00000061)
[    0.000000] ACPI: FACP 0x000000003FFF00F0 0000F4 (v04 VBOX   VBOXFACP 00000001 ASL  00000061)
[    0.000000] ACPI: DSDT 0x000000003FFF0470 0021C8 (v02 VBOX   VBOXBIOS 00000002 INTL 20100528)
[    0.000000] ACPI: FACS 0x000000003FFF0200 000040
[    0.000000] ACPI: FACS 0x000000003FFF0200 000040
[    0.000000] ACPI: APIC 0x000000003FFF0240 00005C (v02 VBOX   VBOXAPIC 00000001 ASL  00000061)
[    0.000000] ACPI: SSDT 0x000000003FFF02A0 0001CC (v01 VBOX   VBOXCPUT 00000002 INTL 20100528)
[    0.000000] No NUMA configuration found
[    0.000000] Faking a node at [mem 0x0000000000000000-0x000000003ffeffff]
[    0.000000] NODE_DATA(0) allocated [mem 0x3ffeb000-0x3ffeffff]
[    0.000000] kvm-clock: Using msrs 4b564d01 and 4b564d00
[    0.000000] kvm-clock: cpu 0, msr 0:3ffe3001, primary cpu clock
[    0.000000] kvm-clock: using sched offset of 3014731204 cycles
[    0.000000] clocksource: kvm-clock: mask: 0xffffffffffffffff max_cycles: 0x1cd42e4dffb, max_idle_ns: 881590591483 ns
[    0.000000] Zone ranges:
[    0.000000]   DMA      [mem 0x0000000000001000-0x0000000000ffffff]
[    0.000000]   DMA32    [mem 0x0000000001000000-0x000000003ffeffff]
[    0.000000]   Normal   empty
[    0.000000]   Device   empty
[    0.000000] Movable zone start for each node
[    0.000000] Early memory node ranges
[    0.000000]   node   0: [mem 0x0000000000001000-0x000000000009efff]
[    0.000000]   node   0: [mem 0x0000000000100000-0x000000003ffeffff]
[    0.000000] Initmem setup node 0 [mem 0x0000000000001000-0x000000003ffeffff]
[    0.000000] ACPI: PM-Timer IO Port: 0x4008
[    0.000000] IOAPIC[0]: apic_id 2, version 32, address 0xfec00000, GSI 0-23
[    0.000000] ACPI: INT_SRC_OVR (bus 0 bus_irq 0 global_irq 2 dfl dfl)
[    0.000000] ACPI: INT_SRC_OVR (bus 0 bus_irq 9 global_irq 9 high level)
[    0.000000] Using ACPI (MADT) for SMP configuration information
[    0.000000] smpboot: Allowing 2 CPUs, 0 hotplug CPUs
[    0.000000] PM: Registered nosave memory: [mem 0x00000000-0x00000fff]
[    0.000000] PM: Registered nosave memory: [mem 0x0009f000-0x0009ffff]
[    0.000000] PM: Registered nosave memory: [mem 0x000a0000-0x000effff]
[    0.000000] PM: Registered nosave memory: [mem 0x000f0000-0x000fffff]
[    0.000000] e820: [mem 0x40000000-0xfebfffff] available for PCI devices
[    0.000000] Booting paravirtualized kernel on KVM
[    0.000000] clocksource: refined-jiffies: mask: 0xffffffff max_cycles: 0xffffffff, max_idle_ns: 7645519600211568 ns
[    0.000000] setup_percpu: NR_CPUS:512 nr_cpumask_bits:512 nr_cpu_ids:2 nr_node_ids:1
[    0.000000] PERCPU: Embedded 33 pages/cpu @ffff88003fc00000 s98264 r8192 d28712 u1048576
[    0.000000] PV qspinlock hash table entries: 256 (order: 0, 4096 bytes)
[    0.000000] Built 1 zonelists in Node order, mobility grouping on.  Total pages: 257913
[    0.000000] Policy zone: DMA32
[    0.000000] Kernel command line: BOOT_IMAGE=/boot/vmlinuz-4.4.0-92-generic roLABEL=cloudimg-rootfs ro console=tty1 console=ttyS0
[    0.000000] PID hash table entries: 4096 (order: 3, 32768 bytes)
[    0.000000] Memory: 1001744K/1048120K available (8474K kernel code, 1294K rwdata, 3984K rodata, 1488K init, 1316K bss, 46376K reserved, 0K cma-reserved)
[    0.000000] SLUB: HWalign=64, Order=0-3, MinObjects=0, CPUs=2, Nodes=1
[    0.000000] Hierarchical RCU implementation.
[    0.000000] 	Build-time adjustment of leaf fanout to 64.
[    0.000000] 	RCU restricting CPUs from NR_CPUS=512 to nr_cpu_ids=2.
[    0.000000] RCU: Adjusting geometry for rcu_fanout_leaf=64, nr_cpu_ids=2
[    0.000000] NR_IRQS:33024 nr_irqs:440 16
[    0.000000] Console: colour VGA+ 80x25
[    0.000000] console [tty1] enabled
[    0.000000] console [ttyS0] enabled
[    0.000000] tsc: Detected 3499.996 MHz processor
[   10.201915] Calibrating delay loop (skipped) preset value.. 6999.99 BogoMIPS (lpj=13999984)
[   10.289520] pid_max: default: 32768 minimum: 301
[   10.402285] ACPI: Core revision 20150930
[   10.494460] ACPI: 2 ACPI AML tables successfully acquired and loaded
[   10.552859] Security Framework initialized
[   10.553730] Yama: becoming mindful.
[   10.554614] AppArmor: AppArmor initialized
[   10.555688] Dentry cache hash table entries: 131072 (order: 8, 1048576 bytes)
[   10.557301] Inode-cache hash table entries: 65536 (order: 7, 524288 bytes)
[   10.561137] Mount-cache hash table entries: 2048 (order: 2, 16384 bytes)
[   10.569247] Mountpoint-cache hash table entries: 2048 (order: 2, 16384 bytes)
[   10.573346] Initializing cgroup subsys io
[   10.574196] Initializing cgroup subsys memory
[   10.575054] Initializing cgroup subsys devices
[   10.652408] Initializing cgroup subsys freezer
[   10.653070] Initializing cgroup subsys net_cls
[   10.653645] Initializing cgroup subsys perf_event
[   10.697223] Initializing cgroup subsys net_prio
[   10.797756] Initializing cgroup subsys hugetlb
[   10.892747] Initializing cgroup subsys pids
[   10.946889] CPU: Physical Processor ID: 0
[   11.044854] CPU: Processor Core ID: 0
[   11.089939] mce: CPU supports 0 MCE banks
[   11.117272] Last level iTLB entries: 4KB 1024, 2MB 1024, 4MB 1024
[   11.235462] Last level dTLB entries: 4KB 1024, 2MB 1024, 4MB 1024, 1GB 4
[   11.239094] Freeing SMP alternatives memory: 32K (ffffffff820b9000 - ffffffff820c1000)
[   11.302724] ftrace: allocating 32131 entries in 126 pages
[   11.454117] smpboot: APIC(0) Converting physical 0 to logical package 0
[   11.557249] smpboot: Max logical packages: 1
[   11.626560] x2apic enabled
[   11.637544] Switched APIC routing to physical x2apic.
[   11.639120] ..TIMER: vector=0x30 apic1=0 pin1=2 apic2=-1 pin2=-1
[   11.896254] smpboot: CPU0: Intel(R) Core(TM) i7-4770K CPU @ 3.50GHz (family: 0x6, model: 0x3c, stepping: 0x3)
[   12.136879] Performance Events: unsupported p6 CPU model 60 no PMU driver, software events only.
[   12.357277] KVM setup paravirtual spinlock
[   12.358963] x86: Booting SMP configuration:
[   12.465689] .... node  #0, CPUs:      #1
[   12.561884] kvm-clock: cpu 1, msr 0:3ffe3041, secondary cpu clock
[   12.599807] mce: CPU supports 0 MCE banks
[   12.611808] x86: Booted up 1 node, 2 CPUs
[   12.705941] smpboot: Total of 2 processors activated (13999.98 BogoMIPS)
[   12.759420] devtmpfs: initialized
[   12.853816] evm: security.selinux
[   12.913321] evm: security.SMACK64
[   12.980935] evm: security.SMACK64EXEC
[   13.056060] evm: security.SMACK64TRANSMUTE
[   13.121513] evm: security.SMACK64MMAP
[   13.135959] evm: security.ima
[   13.172396] evm: security.capability
[   13.194463] clocksource: jiffies: mask: 0xffffffff max_cycles: 0xffffffff, max_idle_ns: 7645041785100000 ns
[   13.335225] futex hash table entries: 512 (order: 3, 32768 bytes)
[   13.488057] pinctrl core: initialized pinctrl subsystem
[   13.521718] RTC time: 20:18:34, date: 03/17/18
[   13.549674] NET: Registered protocol family 16
[   13.569822] cpuidle: using governor ladder
[   13.664973] cpuidle: using governor menu
[   13.784861] PCCT header not found.
[   13.903405] ACPI: bus type PCI registered
[   14.019362] acpiphp: ACPI Hot Plug PCI Controller Driver version: 0.5
[   14.183315] PCI: Using configuration type 1 for base access
[   14.253975] ACPI: Added _OSI(Module Device)
[   14.385140] ACPI: Added _OSI(Processor Device)
[   14.492805] ACPI: Added _OSI(3.0 _SCP Extensions)
[   14.616584] ACPI: Added _OSI(Processor Aggregator Device)
[   14.759015] ACPI: Executed 1 blocks of module-level executable AML code
[   14.920117] ACPI: Interpreter enabled
[   15.022487] ACPI: (supports S0 S5)
[   15.127374] ACPI: Using IOAPIC for interrupt routing
[   15.258143] PCI: Using host bridge windows from ACPI; if necessary, use "pci=nocrs" and report a bug
[   15.373406] ACPI: PCI Root Bridge [PCI0] (domain 0000 [bus 00-ff])
[   15.513650] acpi PNP0A03:00: _OSC: OS supports [ASPM ClockPM Segments MSI]
[   15.733306] acpi PNP0A03:00: _OSC failed (AE_NOT_FOUND); disabling ASPM
[   15.766388] acpi PNP0A03:00: fail to add MMCONFIG information, can't access extended PCI configuration space under this bridge.
[   15.855408] PCI host bridge to bus 0000:00
[   15.967331] pci_bus 0000:00: root bus resource [io  0x0000-0x0cf7 window]
[   16.116415] pci_bus 0000:00: root bus resource [io  0x0d00-0xffff window]
[   16.276474] pci_bus 0000:00: root bus resource [mem 0x000a0000-0x000bffff window]
[   16.489999] pci_bus 0000:00: root bus resource [mem 0x40000000-0xffdfffff window]
[   16.666229] pci_bus 0000:00: root bus resource [bus 00-ff]
[   16.796623] pci 0000:00:01.1: legacy IDE quirk: reg 0x10: [io  0x01f0-0x01f7]
[   16.822727] pci 0000:00:01.1: legacy IDE quirk: reg 0x14: [io  0x03f6]
[   16.908396] pci 0000:00:01.1: legacy IDE quirk: reg 0x18: [io  0x0170-0x0177]
[   16.920806] pci 0000:00:01.1: legacy IDE quirk: reg 0x1c: [io  0x0376]
[   17.066578] pci 0000:00:07.0: quirk: [io  0x4000-0x403f] claimed by PIIX4 ACPI
[   17.209207] pci 0000:00:07.0: quirk: [io  0x4100-0x410f] claimed by PIIX4 SMB
[   17.214160] ACPI: PCI Interrupt Link [LNKA] (IRQs 5 9 10 *11)
[   17.329163] ACPI: PCI Interrupt Link [LNKB] (IRQs 5 9 10 *11)
[   17.366668] ACPI: PCI Interrupt Link [LNKC] (IRQs 5 9 *10 11)
[   17.442266] ACPI: PCI Interrupt Link [LNKD] (IRQs 5 *9 10 11)
[   17.519026] ACPI: Enabled 2 GPEs in block 00 to 07
[   17.661455] vgaarb: setting as boot device: PCI:0000:00:02.0
[   17.813346] vgaarb: device added: PCI:0000:00:02.0,decodes=io+mem,owns=io+mem,locks=none
[   18.028120] vgaarb: loaded
[   18.058215] vgaarb: bridge control possible 0000:00:02.0
[   18.059080] SCSI subsystem initialized
[   18.059731] ACPI: bus type USB registered
[   18.060327] usbcore: registered new interface driver usbfs
[   18.162574] usbcore: registered new interface driver hub
[   18.295840] usbcore: registered new device driver usb
[   18.420155] PCI: Using ACPI for IRQ routing
[   18.516202] NetLabel: Initializing
[   18.601637] NetLabel:  domain hash size = 128
[   18.710525] NetLabel:  protocols = UNLABELED CIPSOv4
[   18.863616] NetLabel:  unlabeled traffic allowed by default
[   18.929043] amd_nb: Cannot enumerate AMD northbridges
[   19.082162] clocksource: Switched to clocksource kvm-clock
[   19.184522] AppArmor: AppArmor Filesystem Enabled
[   19.329997] pnp: PnP ACPI init
[   19.408073] pnp: PnP ACPI: found 3 devices
[   19.529343] clocksource: acpi_pm: mask: 0xffffff max_cycles: 0xffffff, max_idle_ns: 2085701024 ns
[   19.778135] NET: Registered protocol family 2
[   19.811602] TCP established hash table entries: 8192 (order: 4, 65536 bytes)
[   20.010692] TCP bind hash table entries: 8192 (order: 5, 131072 bytes)
[   20.196412] TCP: Hash tables configured (established 8192 bind 8192)
[   20.373619] UDP hash table entries: 512 (order: 2, 16384 bytes)
[   20.545242] UDP-Lite hash table entries: 512 (order: 2, 16384 bytes)
[   20.725443] NET: Registered protocol family 1
[   20.846119] pci 0000:00:00.0: Limiting direct PCI/PCI transfers
[   20.995833] pci 0000:00:01.0: Activating ISA DMA hang workarounds
[   21.184085] Unpacking initramfs...
[   22.758572] Freeing initrd memory: 10832K (ffff880036ac8000 - ffff88003755c000)
[   22.954571] RAPL PMU detected, API unit is 2^-32 Joules, 4 fixed counters 10737418240 ms ovfl timer
[   23.196311] hw unit of domain pp0-core 2^-0 Joules
[   23.196989] hw unit of domain package 2^-0 Joules
[   23.217149] hw unit of domain dram 2^-0 Joules
[   23.343785] hw unit of domain pp1-gpu 2^-0 Joules
[   23.459348] platform rtc_cmos: registered platform RTC device (no PNP device found)
[   23.680463] Scanning for low memory corruption every 60 seconds
[   23.829581] audit: initializing netlink subsys (disabled)
[   23.911992] audit: type=2000 audit(1521317911.032:1): initialized
[   23.918987] Initialise system trusted keyring
[   24.025572] HugeTLB registered 2 MB page size, pre-allocated 0 pages
[   24.199369] zbud: loaded
[   24.251749] VFS: Disk quotas dquot_6.6.0
[   24.360869] VFS: Dquot-cache hash table entries: 512 (order 0, 4096 bytes)
[   24.362492] squashfs: version 4.0 (2009/01/31) Phillip Lougher
[   24.363992] fuse init (API version 7.23)
[   24.455393] Key type big_key registered
[   24.538369] tsc: Refined TSC clocksource calibration: 3499.756 MHz
[   24.539151] clocksource: tsc: mask: 0xffffffffffffffff max_cycles: 0x32726af446b, max_idle_ns: 440795321264 ns
[   24.717286] Allocating IMA MOK and blacklist keyrings.
[   24.862024] Key type asymmetric registered
[   24.931828] Asymmetric key parser 'x509' registered
[   25.060421] Block layer SCSI generic (bsg) driver version 0.4 loaded (major 249)
[   25.217220] io scheduler noop registered
[   25.257959] io scheduler deadline registered (default)
[   25.258937] io scheduler cfq registered
[   25.259986] pci_hotplug: PCI Hot Plug PCI Core version: 0.5
[   25.261348] pciehp: PCI Express Hot Plug Controller Driver version: 0.4
[   25.434437] ACPI: AC Adapter [AC] (on-line)
[   25.517852] input: Power Button as /devices/LNXSYSTM:00/LNXPWRBN:00/input/input0
[   25.737090] ACPI: Power Button [PWRF]
[   25.836880] input: Sleep Button as /devices/LNXSYSTM:00/LNXSLPBN:00/input/input1
[   25.961732] ACPI: Sleep Button [SLPF]
[   25.962741] GHES: HEST is not enabled!
[   26.041091] Serial: 8250/16550 driver, 32 ports, IRQ sharing enabled
ÿ[   26.121060] 00:02: ttyS0 at I/O 0x3f8 (irq = 4, base_baud = 115200) is a 16550A
[   26.223901] Linux agpgart interface v0.103
[   26.337588] loop: module loaded
[   26.406044] scsi host0: ata_piix
[   26.483140] scsi host1: ata_piix
[   26.517295] ata1: PATA max UDMA/33 cmd 0x1f0 ctl 0x3f6 bmdma 0xd000 irq 14
[   26.529969] ata2: PATA max UDMA/33 cmd 0x170 ctl 0x376 bmdma 0xd008 irq 15
[   26.682461] libphy: Fixed MDIO Bus: probed
[   26.748065] tun: Universal TUN/TAP device driver, 1.6
[   26.752527] tun: (C) 1999-2004 Max Krasnyansky <maxk@qualcomm.com>
[   26.755746] PPP generic driver version 2.4.2
[   26.756683] ehci_hcd: USB 2.0 'Enhanced' Host Controller (EHCI) Driver
[   26.757883] ehci-pci: EHCI PCI platform driver
[   26.758839] ehci-platform: EHCI generic platform driver
[   26.759858] ohci_hcd: USB 1.1 'Open' Host Controller (OHCI) Driver
[   26.762880] ohci-pci: OHCI PCI platform driver
[   26.764831] ohci-platform: OHCI generic platform driver
[   26.772945] uhci_hcd: USB Universal Host Controller Interface driver
[   26.795586] i8042: PNP: PS/2 Controller [PNP0303:PS2K,PNP0f03:PS2M] at 0x60,0x64 irq 1,12
[   26.800729] serio: i8042 KBD port at 0x60,0x64 irq 1
[   26.801721] serio: i8042 AUX port at 0x60,0x64 irq 12
[   26.804256] mousedev: PS/2 mouse device common for all mice
[   26.807271] input: AT Translated Set 2 keyboard as /devices/platform/i8042/serio0/input/input2
[   26.811016] rtc_cmos rtc_cmos: rtc core: registered rtc_cmos as rtc0
[   26.814857] rtc_cmos rtc_cmos: alarms up to one day, 114 bytes nvram
[   26.817281] i2c /dev entries driver
[   26.820949] device-mapper: uevent: version 1.0.3
[   26.867455] device-mapper: ioctl: 4.34.0-ioctl (2015-10-28) initialised: dm-devel@redhat.com
[   26.868920] ledtrig-cpu: registered to indicate activity on CPUs
[   26.877497] NET: Registered protocol family 10
[   26.911149] NET: Registered protocol family 17
[   27.034659] Key type dns_resolver registered
[   27.122568] microcode: CPU0 sig=0x306c3, pf=0x40, revision=0x0
[   27.219078] microcode: CPU1 sig=0x306c3, pf=0x40, revision=0x0
[   27.222320] microcode: Microcode Update Driver: v2.01 <tigran@aivazian.fsnet.co.uk>, Peter Oruba
[   27.224241] registered taskstats version 1
[   27.225098] Loading compiled-in X.509 certificates
[   27.226841] Loaded X.509 cert 'Build time autogenerated kernel key: 01a2b0d0dba8d37a863918580fc16590a7d146c8'
[   27.232028] zswap: loaded using pool lzo/zbud
[   27.234105] Key type trusted registered
[   27.258028] Key type encrypted registered
[   27.266006] AppArmor: AppArmor sha1 policy hashing enabled
[   27.266779] ima: No TPM chip found, activating TPM-bypass!
[   27.267527] evm: HMAC attrs: 0x1
[   27.328639]   Magic number: 10:651:346
[   27.411908] tty tty63: hash matches
[   27.484612] rtc_cmos rtc_cmos: setting system clock to 2018-03-17 20:18:48 UTC (1521317928)
[   27.581115] BIOS EDD facility v0.16 2004-Jun-25, 0 devices found
[   27.669669] EDD information not available.
[   27.673517] Freeing unused kernel memory: 1488K (ffffffff81f45000 - ffffffff820b9000)
[   27.709360] Write protecting the kernel read-only data: 14336k
[   27.713258] Freeing unused kernel memory: 1752K (ffff88000184a000 - ffff880001a00000)
[   27.715323] Freeing unused kernel memory: 112K (ffff880001de4000 - ffff880001e00000)
Loading, please [   27.740006] random: systemd-udevd: uninitialized urandom read (16 bytes read, 2 bits of entropy available)
wait...
startin[   27.740359] random: udevadm: uninitialized urandom read (16 bytes read, 2 bits of entropy available)
g version 229
[   27.740385] random: udevadm: uninitialized urandom read (16 bytes read, 2 bits of entropy available)
[   27.740480] random: udevadm: uninitialized urandom read (16 bytes read, 2 bits of entropy available)
[   27.740508] random: udevadm: uninitialized urandom read (16 bytes read, 2 bits of entropy available)
[   27.740535] random: udevadm: uninitialized urandom read (16 bytes read, 2 bits of entropy available)
[   27.740561] random: udevadm: uninitialized urandom read (16 bytes read, 2 bits of entropy available)
[   27.740587] random: udevadm: uninitialized urandom read (16 bytes read, 2 bits of entropy available)
[   27.740613] random: udevadm: uninitialized urandom read (16 bytes read, 2 bits of entropy available)
[   27.740637] random: udevadm: uninitialized urandom read (16 bytes read, 2 bits of entropy available)
[   28.310140] Fusion MPT base driver 3.04.20
[   28.344894] Copyright (c) 1999-2008 LSI Corporation
[   28.440442] e1000: Intel(R) PRO/1000 Network Driver - version 7.3.21-k8-NAPI
[   28.441705] e1000: Copyright (c) 1999-2006 Intel Corporation.
[   28.456135] AVX version of gcm_enc/dec engaged.
[   28.456988] Fusion MPT SPI Host driver 3.04.20
[   28.567817] AES CTR mode by8 optimization enabled
[   28.769130] input: ImExPS/2 Generic Explorer Mouse as /devices/platform/i8042/serio1/input/input4
[   28.951023] e1000 0000:00:03.0 eth0: (PCI:33MHz:32-bit) 02:21:85:d0:49:10
[   29.031277] e1000 0000:00:03.0 eth0: Intel(R) PRO/1000 Network Connection
[   29.099884] mptbase: ioc0: Initiating bringup
[   29.099994] e1000 0000:00:03.0 enp0s3: renamed from eth0
[   29.424843] ioc0: LSI53C1030 A0: Capabilities={Initiator}
[   29.787316] scsi host2: ioc0: LSI53C1030 A0, FwRev=00000000h, Ports=1, MaxQ=256, IRQ=20
[   30.162580] scsi 2:0:0:0: Direct-Access     VBOX     HARDDISK         1.0  PQ: 0 ANSI: 5
[   30.382751] scsi target2:0:0: Beginning Domain Validation
[   30.563852] scsi target2:0:0: Domain Validation skipping write tests
[   30.740728] scsi target2:0:0: Ending Domain Validation
[   30.890438] scsi target2:0:0: asynchronous
[   31.009933] scsi 2:0:1:0: Direct-Access     VBOX     HARDDISK         1.0  PQ: 0 ANSI: 5
[   31.236400] scsi target2:0:1: Beginning Domain Validation
[   31.404709] scsi target2:0:1: Domain Validation skipping write tests
[   31.446201] floppy0: no floppy controllers found
[   31.446234] work still pending
[   31.756476] scsi target2:0:1: Ending Domain Validation
[   31.757649] scsi target2:0:1: asynchronous
[   31.894464] sd 2:0:0:0: Attached scsi generic sg0 type 0
[   31.998995] sd 2:0:0:0: [sda] 20971520 512-byte logical blocks: (10.7 GB/10.0 GiB)
[   32.006984] sd 2:0:1:0: [sdb] 20480 512-byte logical blocks: (10.5 MB/10.0 MiB)
[   32.074735] sd 2:0:1:0: Attached scsi generic sg1 type 0
[   32.295504] sd 2:0:0:0: [sda] Write Protect is off
[   32.361309] sd 2:0:1:0: [sdb] Write Protect is off
[   32.444829] sd 2:0:0:0: [sda] Incomplete mode parameter data
[   32.553010] sd 2:0:0:0: [sda] Assuming drive cache: write through
[   32.553143] sd 2:0:1:0: [sdb] Incomplete mode parameter data
[   32.553154] sd 2:0:1:0: [sdb] Assuming drive cache: write through
[   32.695725] sd 2:0:1:0: [sdb] Attached SCSI disk
[   32.849399]  sda: sda1
[   32.868443] sd 2:0:0:0: [sda] Attached SCSI disk
Begin: Loading e[   34.177874] md: linear personality registered for level -1
ssential drivers[   34.312266] md: multipath personality registered for level -4
 ... [   34.453574] md: raid0 personality registered for level 0
[   34.567069] md: raid1 personality registered for level 1
[   34.742705] raid6: sse2x1   gen() 10955 MB/s
[   34.878392] raid6: sse2x1   xor()  8675 MB/s
[   35.050557] raid6: sse2x2   gen() 13975 MB/s
[   35.190258] raid6: sse2x2   xor()  9306 MB/s
[   35.374401] raid6: sse2x4   gen() 15976 MB/s
[   35.450492] raid6: sse2x4   xor() 11287 MB/s
[   35.487977] raid6: using algorithm sse2x4 gen() 15976 MB/s
[   35.488719] raid6: .... xor() 11287 MB/s, rmw enabled
[   35.490895] raid6: using ssse3x2 recovery algorithm
[   35.583500] xor: automatically using best checksumming function:
[   35.678322]    avx       : 23161.000 MB/sec
[   35.773180] async_tx: api initialized (async)
[   35.853425] md: raid6 personality registered for level 6
[   35.863381] md: raid5 personality registered for level 5
[   35.893965] md: raid4 personality registered for level 4
[   35.928931] md: raid10 personality registered for level 10
done.
Begin: Running /scripts/init-p[   36.047101] Btrfs loaded
remount ... done.
Begin: Mounting root file sys[   36.104017] EXT4-fs (sda1): mounted filesystem with ordered data mode. Opts: (null)
tem ... Begin: Running /scripts/local-top ... done.
Begin: Running /scripts/local-premount ... Scanning for Btrfs filesystems
done.
Warning: fsck not present, so skipping root file system
done.
Begin: Running /scripts/local-bottom ... done.
Begin: Running /scripts/init-bottom ... done.
[   36.401674] systemd[1]: systemd 229 running in system mode. (+PAM +AUDIT +SELINUX +IMA +APPARMOR +SMACK +SYSVINIT +UTMP +LIBCRYPTSETUP +GCRYPT +GNUTLS +ACL +XZ -LZ4 +SECCOMP +BLKID +ELFUTILS +KMOD -IDN)
[   36.676079] systemd[1]: Detected virtualization oracle.
[   36.754646] systemd[1]: Detected architecture x86-64.

Welcome to [1mUbuntu 16.04.3 LTS[0m!

[   36.854882] systemd[1]: Set hostname to <ubuntu>.
[   36.941011] systemd[1]: Initializing machine ID from random generator.
[   36.963798] systemd[1]: Installed transient /etc/machine-id file.
[   37.116088] systemd[1]: Listening on udev Control Socket.
[[0;32m  OK  [0m] Listening on udev Control Socket.
[   37.306559] systemd[1]: Reached target Encrypted Volumes.
[[0;32m  OK  [0m] Reached target Encrypted Volumes.
[   38.799380] systemd[1]: Listening on udev Kernel Socket.
[[0;32m  OK  [0m] Listening on udev Kernel Socket.
[   38.930607] systemd[1]: Reached target Swap.
[[0;32m  OK  [0m] Reached target Swap.
[   38.983383] systemd[1]: Created slice User and Session Slice.
[[0;32m  OK  [0m] Created slice User and Session Slice.
[   39.170506] systemd[1]: Reached target User and Group Name Lookups.
[[0;32m  OK  [0m] Reached target User and Group Name Lookups.
[   39.349259] systemd[1]: Created slice System Slice.
[[0;32m  OK  [0m] Created slice System Slice.
[   39.498047] systemd[1]: Reached target Slices.
[[0;32m  OK  [0m] Reached target Slices.
[   39.646493] systemd[1]: Started Forward Password Requests to Wall Directory Watch.
[[0;32m  OK  [0m] Started Forward Password Requests to Wall Directory Watch.
[   39.754649] systemd[1]: Listening on Journal Audit Socket.
[[0;32m  OK  [0m] Listening on Journal Audit Socket.
[   39.926757] systemd[1]: Listening on Journal Socket.
[[0;32m  OK  [0m] Listening on Journal Socket.
[   40.115237] systemd[1]: Starting Set console keymap...
         Starting Set console keymap...
[   40.302537] systemd[1]: Starting Load Kernel Modules...
[   40.354064] Loading iSCSI transport class v2.0-870.
         Starting Load Kernel Mo[   40.447845] iscsi: registered transport (tcp)
dules...
[   40.572315] random: nonblocking pool is initialized
[   40.748717] systemd[1]: Starting Uncomplicated firewall...
         Starting Uncomplicated firewall...
[   40.818463] iscsi: registered transport (iser)
[   40.823112] systemd[1]: Starting Nameserver information manager...
         Starting Nameserver information manager...
[   40.893431] systemd[1]: Mounting POSIX Message Queue File System...
         Mounting POSIX Message Queue File System...
[   40.990535] systemd[1]: Starting Remount Root and Kernel File Systems...
[   40.992745] EXT4-fs (sda1): re-mounted. Opts: (null)
         Starting Remount Root and Kernel File Systems...
[   41.146288] systemd[1]: Starting Create list of required static device nodes for the current kernel...
         Starting Create list of required st... nodes for the current kernel...
[   41.455313] systemd[1]: Started Trigger resolvconf update for networkd DNS.
[[0;32m  OK  [0m] Started Trigger resolvconf update for networkd DNS.
[   41.570292] systemd[1]: Mounting Debug File System...
         Mounting Debug File System...
[   41.674947] systemd[1]: Set up automount Arbitrary Executable File Formats File System Automount Point.
[[0;32m  OK  [0m] Set up automount Arbitrary Executab...ats File System Automount Point.
[   41.903054] systemd[1]: Listening on LVM2 metadata daemon socket.
[[0;32m  OK  [0m] Listening on LVM2 metadata daemon socket.
[   41.986306] systemd[1]: Mounting Huge Pages File System...
         Mounting Huge Pages File System...
[   42.110606] systemd[1]: Listening on Device-mapper event daemon FIFOs.
[[0;32m  OK  [0m] Listening on Device-mapper event daemon FIFOs.
[   42.262716] systemd[1]: Listening on /dev/initctl Compatibility Named Pipe.
[[0;32m  OK  [0m] Listening on /dev/initctl Compatibility Named Pipe.
[   42.438397] systemd[1]: Listening on Journal Socket (/dev/log).
[[0;32m  OK  [0m] Listening on Journal Socket (/dev/log).
[   42.630558] systemd[1]: Starting Monitoring of LVM2 mirrors, snapshots etc. using dmeventd or progress polling...
         Starting Monitoring of LVM2 mirrors... dmeventd or progress polling...
[   42.741472] systemd[1]: Listening on Syslog Socket.
[[0;32m  OK  [0m] Listening on Syslog Socket.
[   42.778475] systemd[1]: Starting Journal Service...
         Starting Journal Service...
[   42.899254] systemd[1]: Created slice system-serial\x2dgetty.slice.
[[0;32m  OK  [0m] Created slice system-serial\x2dgetty.slice.
[   43.101137] systemd[1]: Listening on LVM2 poll daemon socket.
[[0;32m  OK  [0m] Listening on LVM2 poll daemon socket.
[   43.267563] systemd[1]: Mounted Debug File System.
[[0;32m  OK  [0m] Mounted Debug File System.
[   43.386496] systemd[1]: Mounted POSIX Message Queue File System.
[[0;32m  OK  [0m] Mounted POSIX Message Queue File System.
[   43.598594] systemd[1]: Mounted Huge Pages File System.
[[0;32m  OK  [0m] Mounted Huge Pages File System.
[   43.782648] systemd[1]: Started Journal Service.
[[0;32m  OK  [0m] Started Journal Service.
[[0;32m  OK  [0m] Started Set console keymap.
[[0;32m  OK  [0m] Started Load Kernel Modules.
[[0;32m  OK  [0m] Started Uncomplicated firewall.
[[0;32m  OK  [0m] Started Remount Root and Kernel File Systems.
[[0;32m  OK  [0m] Started Create list of required sta...ce nodes for the current kernel.
[[0;32m  OK  [0m] Started Nameserver information manager.
[[0;32m  OK  [0m] Started LVM2 metadata daemon.
         Starting Create Static Device Nodes in /dev...
         Starting Load/Save Random Seed...
         Starting udev Coldplug all Devices...
         Starting Initial cloud-init job (pre-networking)...
         Mounting FUSE Control File System...
         Starting Apply Kernel Variables...
         Starting Flush Journal to Persistent Storage...
[[0;32m  OK  [0m] Mounted FUSE Control File System.
[[0;32m  OK  [0m] Started Monitoring of LVM2 mirrors,...ng dmeventd or progress polling.
[[0;32m  OK  [0m] Started Create Static Device Nodes in /dev.
[[0;32m  OK  [0m] Started Load/Save Random Seed.
[[0;32m  OK  [0m] Started Apply Kernel Variables.
[[0;32m  OK  [0m] Started udev Coldplug all Devices.
[[0;32m  OK  [0m] Started Flush Journal to Persistent Storage.
         Starting udev Kernel Device Manager...
[[0;32m  OK  [0m] Started udev Kernel Device Manager.
[   26.800260] cloud-init[456]: Cloud-init v. 0.7.9 running 'init-local' at Sat, 17 Mar 2018 20:19:06 +0000. Up 26.59 seconds.
[[0;32m  OK  [0m] Started Dispatch Password Requests to Console Directory Watch.
[[0;32m  OK  [0m] Reached target Local File Systems (Pre).
[[0;32m  OK  [0m] Reached target Local File Systems.
         Starting LSB: AppArmor initialization...
         Starting Tell Plymouth To Write Out Runtime Data...
         Starting Set console font and keymap...
         Starting Create Volatile Files and Directories...
         Starting Commit a transient machine-id on disk...
[[0;32m  OK  [0m] Started Tell Plymouth To Write Out Runtime Data.
[[0;32m  OK  [0m] Started Set console font and keymap.
[[0;32m  OK  [0m] Started Create Volatile Files and Directories.
[[0;32m  OK  [0m] Started Commit a transient machine-id on disk.
[[0;32m  OK  [0m] Started Initial cloud-init job (pre-networking).
[[0;32m  OK  [0m] Found device /dev/ttyS0.
[[0;32m  OK  [0m] Listening on Load/Save RF Kill Switch Status /dev/rfkill Watch.
[[0;32m  OK  [0m] Reached target Network (Pre).
         Starting Update UTMP about System Boot/Shutdown...
[[0;32m  OK  [0m] Reached target System Time Synchronized.
[[0;32m  OK  [0m] Created slice system-getty.slice.
[[0;32m  OK  [0m] Started Update UTMP about System Boot/Shutdown.
[[0;32m  OK  [0m] Started LSB: AppArmor initialization.
[[0;32m  OK  [0m] Started ifup for enp0s3.
         Starting Raise network interfaces...
[[0;32m  OK  [0m] Started Raise network interfaces.
[[0;32m  OK  [0m] Reached target Network.
         Starting Initial cloud-init job (metadata service crawler)...
[   32.066525] cloud-init[949]: Cloud-init v. 0.7.9 running 'init' at Sat, 17 Mar 2018 20:19:11 +0000. Up 31.50 seconds.
[[0;32m  OK  [0m] Started Initial cloud-init job (metadata service crawler).
[[0;32m  OK  [0m] Reached target Network is Online.
[   32.174697] cloud-init[949]: ci-info: +++++++++++++++++++++++++++++++++++++Net device info++++++++++++++++++++++++++++++++++++++
[   32.508456]          cloud-initStarting iSCSI initiator daemon (iscsid)...[949]: 
ci-info: +--------+------+----------------------------+---------------+-------+-------------------+
[   32.728258] [cloud-init[0;32m  OK  [0m[949]: ] ci-info: | Device |  Up  |          Address           |      Mask     | Scope |     Hw-Address    |Reached target System Initialization.

[[0;32m  OK  [0m] Started Timer to automatically refresh installed snaps.
[   32.728635] cloud-init[949]: ci-info: +--------+------+----------------------------+---------------+-------+-------------------+
[   33.205220] [cloud-init[0;32m  OK  [0m[949]: ] ci-info: | enp0s3 | True |         10.0.2.15          | 255.255.255.0 |   .   | 02:21:85:d0:49:10 |Started ACPI Events Check.

[[0;32m  OK  [0m] Reached target Paths.
[[0;32m  OK  [0m] Listening on UUID daemon activation socket.
[   33.205998] cloud-init[949]: ci-info: | enp0s3 | True | fe80::21:85ff:fed0:4910/64 |       .       |  link | 02:21:85:d0:49:10 |
[   33.442311] [cloud-init[0;32m  OK  [0m[949]: ] ci-info: |   lo   | True |         127.0.0.1          |   255.0.0.0   |   .   |         .         |Started Daily apt download activities.

[   33.584355] [cloud-init[0;32m  OK  [0m[949]: ] ci-info: |   lo   | True |          ::1/128           |       .       |  host |         .         |Listening on D-Bus System Message Bus Socket.

[   33.584679] cloud-init[949]: ci-info: +--------+------+----------------------------+---------------+-------+-------------------+
[   33.928599]          cloud-initStarting LXD - unix socket.[949]: 
ci-info: +++++++++++++++++++++++++++Route IPv4 info++++++++++++++++++++++++++++
[   34.105194]          cloud-initStarting Socket activation for snappy daemon.[949]: 
ci-info: +-------+-------------+----------+---------------+-----------+-------+
[   34.300260] [cloud-init[0;32m  OK  [0m[949]: ] ci-info: | Route | Destination | Gateway  |    Genmask    | Interface | Flags |Started Daily Cleanup of Temporary Directories.

[[0;32m  OK  [0m] Started Daily apt upgrade and clean activities.
[[0;32m  OK  [0m] Reached target Timers.
[   34.300583] cloud-init[949]: ci-info: +-------+-------------+----------+---------------+-----------+-------+
[   34.728443] [cloud-init[0;32m  OK  [0m[949]: ] ci-info: |   0   |   0.0.0.0   | 10.0.2.2 |    0.0.0.0    |   enp0s3  |   UG  |Listening on ACPID Listen Socket.

[[0;32m  OK  [0m] Reached target Cloud-config availability.
[   34.728767] cloud-init[949]: ci-info: |   1   |   10.0.2.0  | 0.0.0.0  | 255.255.255.0 |   enp0s3  |   U   |
[   35.084757] [cloud-init[0;32m  OK  [0m[949]: ] ci-info: +-------+-------------+----------+---------------+-----------+-------+Listening on LXD - unix socket.

[[0;32m  OK  [0m] Listening on Socket activation for snappy daemon.
[[0;32m  OK  [0m] Started iSCSI initiator daemon (iscsid).
[   35.085306] cloud-init[949]: Generating public/private rsa key pair.
[   35.493100]          cloud-initStarting Login to default iSCSI targets...[949]: 
Your identification has been saved in /etc/ssh/ssh_host_rsa_key.
[   35.668260] [cloud-init[0;32m  OK  [0m[949]: ] Your public key has been saved in /etc/ssh/ssh_host_rsa_key.pub.Reached target Sockets.

[[0;32m  OK  [0m] Reached target Basic System.
[   35.668578] cloud-init[949]: The key fingerprint is:
[   35.989112]          cloud-initStarting Accounts Service...[949]: 
SHA256:28pflVGYcNK9CYcpn+CcUmT3vfJGUfoSWbp3YYyf3Gg root@ubuntu-xenial
[   36.112621]          cloud-initStarting LSB: MD monitoring daemon...[949]: 
The key's randomart image is:
[   36.232727]          cloud-initStarting Pollinate to seed the pseudo random number generator...[949]: 
+---[RSA 2048]----+
[   36.347207] [cloud-init[0;32m  OK  [0m[949]: ] |          .oo++++|Started Regular background program processing daemon.

[   36.486590]          cloud-initStarting /etc/rc.local Compatibility...[949]: 
|          .+.*BB+|
[   36.604522]          cloud-initStarting System Logging Service...[949]: 
|          + =.X*+|
[   36.703540]          cloud-initStarting Apply the settings specified in cloud-config...[949]: 
|         . + o+X*|
[   36.724925] [cloud-init[0;32m  OK  [0m[949]: ] |        S .  .E*=|Started Unattended Upgrades Shutdown.

[   36.725311] cloud-init[949]: |         o   o+o.|
[   36.856238] [cloud-init[0;32m  OK  [0m[949]: ] |        . . .  o |Started ACPI event daemon.

[   36.856521] cloud-init[949]: |       . . .  .  |
[   36.964454] cloud-init[949]: |        o..      |
[   37.088667] [cloud-init[0;32m  OK  [0m[949]: ] +----[SHA256]-----+Started Snappy daemon.

[   37.088981] cloud-init[949]: Generating public/private dsa key pair.
[   37.450852]          cloud-initStarting Auto import assertions from block devices...[949]: 
Your identification has been saved in /etc/ssh/ssh_host_dsa_key.
[   37.629585]          cloud-initStarting Login Service...[949]: 
Your public key has been saved in /etc/ssh/ssh_host_dsa_key.pub.
[   37.743557] [[0;32m  OK  [0m] Started FUSE filesystem for LXC.
cloud-init[949]: The key fingerprint is:
[   37.750006] cloud-init[949]: SHA256:L5rVCdVvUVhRfLnY9s3DjCvobt65sbw6u3IX9opSFq4 root@ubuntu-xenial
[   37.808243] [cloud-init[0;32m  OK  [0m[949]: ] The key's randomart image is:Started D-Bus System Message Bus.

[   37.808549] cloud-init[949]: +---[DSA 1024]----+
[   38.086509]          cloud-initStarting LXD - container startup/shutdown...[949]: 
|               =B|
[   38.154242]          cloud-initStarting LSB: Record successful boot for GRUB...[949]: 
|           .  .oo|
[   38.229941] [cloud-init[0;32m  OK  [0m[949]: ] |          . . + o|Started Deferred execution scheduler.

[   38.230245] cloud-init[949]: |         o   o = |
[   38.392834] [cloud-init[0;32m  OK  [0m[949]: ] |        S .   B.o|Started System Logging Service.

[   38.393156] cloud-init[949]: |         B + o ++|
[   38.582202] [cloud-init[0;32m  OK  [0m[949]: ] |        * *.o . .|Started Pollinate to seed the pseudo random number generator.

[   38.582625] cloud-init[949]: |       E *+o+o   |
[   38.804728] [cloud-init[0;32m  OK  [0m[949]: ] |      o OO*O=    |Started /etc/rc.local Compatibility.

[   38.870590] [cloud-init[0;32m  OK  [0m[949]: ] +----[SHA256]-----+Started Auto import assertions from block devices.

[   38.870973] cloud-init[949]: Generating public/private ecdsa key pair.
[[0;32m  OK  [0m] Started LXD - container startup/shutdown.
[   39.085266] cloud-init[949]: Your identification has been saved in /etc/ssh/ssh_host_ecdsa_key.
[[0;32m  OK  [0m] Started Login to default iSCSI targets.
[   39.232715] cloud-init[949]: Your public key has been saved in /etc/ssh/ssh_host_ecdsa_key.pub.
[[0;32m  OK  [0m] Started LSB: MD monitoring daemon.
[   39.399060] cloud-init[949]: The key fingerprint is:
[[0;32m  OK  [0m] Started LSB: Record successful boot for GRUB.
[   39.505888] cloud-init[949]: SHA256:Ie91d3VF1/NJA6G8zHzN5PYn7cjx1w1gznoDbqkmF80 root@ubuntu-xenial
[[0;32m  OK  [0m] Started Login Service.
[   39.684971] cloud-init[949]: The key's randomart image is:
         Starting Authenticate and Authorize Users to Run Privileged Tasks...
[[0;32m  OK  [0m] Reached target Remote File Systems (Pre).
[[0;32m  OK  [0m] Reached target Remote File Systems.
[   39.796107] cloud-init[949]: +---[ECDSA 256]---+
[   40.112485]          cloud-initStarting LSB: daemon to balance interrupts for SMP systems...[949]: 
|             oo.=|
         Starting LSB: VirtualBox Linux Additions...
[   40.228149] cloud-init[949]: |          . .  ++|
[   40.340595] cloud-init[949]: |      . .  o  ..B|
[   40.340867] cloud-init[949]: |       o .+ + =.+|
         Starting LSB: Set the CPU Frequency Scaling governor to "ondemand"...
[   40.340972] cloud-init[949]: |        So.O.o.=.|
[   40.596297] cloud-init[949]: |       ...E.+.oo.|
[   40.596538] cloud-init[949]: |        .o +  o.*|
         Starting LSB: automatic crash report generation...
[   40.596665] cloud-init[949]: |      . o = o. *=|
[   40.712476] cloud-init[949]: |       +.o . .o +|
[   40.712666] cloud-init[949]: +----[SHA256]-----+
         Starting Permit User Sessions...
[   40.712786] cloud-init[949]: Generating public/private ed25519 key pair.
[   40.856625] cloud-init[949]: Your identification has been saved in /etc/ssh/ssh_host_ed25519_key.
[[0;32m  OK  [0m] Stopped OpenBSD Secure Shell server.
[   40.856724] cloud-init[949]: Your public key has been saved in /etc/ssh/ssh_host_ed25519_key.pub.
[   41.152635] cloud-init[949]: The key fingerprint is:
[   41.152822] cloud-init[949]: SHA256:VUvNMOa7BMW/kMXlYbECeUYDJhLxrLBzq/zEcwQEojk root@ubuntu-xenial
         Starting OpenBSD Secure Shell server...
[   41.152916] cloud-init[949]: The key's randomart image is:
[   41.342790] cloud-init[949]: +--[ED25519 256]--+
[   41.342959] cloud-init[949]: |   . ..=o. =@B =o|
[[0;32m  OK  [0m] Started OpenBSD Secure Shell server.
[   41.343099] cloud-init[949]: |  o . . + oBo=B.o|
[   41.488415] cloud-init[949]: | E   . . oo == ..|
[[0;32m  OK  [0m] [   41.488587] Started Permit User Sessions.cloud-init
[949]: |  .   o o. .o.o  |
[   41.600374] cloud-init[949]: |     o oS.  o. . |
[   41.600582] cloud-init[949]: |      + o  . ..  |
[[0;32m  OK  [0m] Started Authenticate and Authorize Users to Run Privileged Tasks.
[   41.600711] cloud-init[949]: |       = .  .    |
[   41.724662] cloud-init[949]: |    . o o        |
[[0;32m  OK  [0m] Started Accounts Service.
[   41.725153] cloud-init[949]: |     o..         |
[   41.828319] cloud-init[949]: +----[SHA256]-----+
[[0;32m  OK  [0m] Started Apply the settings specified in cloud-config.
[   41.830255] cloud-init[1106]: Generating locales (this might take a while)...
[   41.980366] cloud-init[1106]:   en_US.UTF-8... done
[   41.980552] cloud-init[1106]: Generation complete.
[[0;32m  OK  [0m] Started LSB: Set the CPU Frequency Scaling governor to "ondemand".
[   41.980680] cloud-init[1106]: Cloud-init v. 0.7.9 running 'modules:config' at Sat, 17 Mar 2018 20:19:16 +0000. Up 36.82 seconds.
[[0;32m  OK  [0m] Started LSB: daemon to balance interrupts for SMP systems.
[[0;32m  OK  [0m] Started LSB: VirtualBox Linux Additions.
         Starting Hold until boot process finishes up...
         Starting Terminate Plymouth Boot Screen...
[[0;32m  OK  [0m] Started LSB: automatic crash report generation.
[[0;32m  OK  [0m] Started Hold until boot process finishes up.
[[0;32m  OK  [0m] Started Terminate Plymouth Boot Screen.
[[0;32m  OK  [0m] Started Getty on tty1.
[[0;32m  OK  [0m] Started Serial Getty on ttyS0.
[[0;32m  OK  [0m] Reached target Login Prompts.
         Starting Set console scheme...
[[0;32m  OK  [0m] Reached target Multi-User System.
         Starting Execute cloud user/final scripts...
[[0;32m  OK  [0m] Reached target Graphical Interface.
         Starting Update UTMP about System Runlevel Changes...
[[0;32m  OK  [0m] Started Set console scheme.
[[0;32m  OK  [0m] Started Update UTMP about System Runlevel Changes.
ci-info: no authorized ssh keys fingerprints found for user ubuntu.
<14>Mar 17 20:19:22 ec2: 
<14>Mar 17 20:19:22 ec2: #############################################################
<14>Mar 17 20:19:22 ec2: -----BEGIN SSH HOST KEY FINGERPRINTS-----
<14>Mar 17 20:19:22 ec2: 1024 SHA256:L5rVCdVvUVhRfLnY9s3DjCvobt65sbw6u3IX9opSFq4 root@ubuntu-xenial (DSA)
<14>Mar 17 20:19:22 ec2: 256 SHA256:Ie91d3VF1/NJA6G8zHzN5PYn7cjx1w1gznoDbqkmF80 root@ubuntu-xenial (ECDSA)
<14>Mar 17 20:19:22 ec2: 256 SHA256:VUvNMOa7BMW/kMXlYbECeUYDJhLxrLBzq/zEcwQEojk root@ubuntu-xenial (ED25519)
<14>Mar 17 20:19:22 ec2: 2048 SHA256:28pflVGYcNK9CYcpn+CcUmT3vfJGUfoSWbp3YYyf3Gg root@ubuntu-xenial (RSA)
<14>Mar 17 20:19:22 ec2: -----END SSH HOST KEY FINGERPRINTS-----
<14>Mar 17 20:19:22 ec2: #############################################################
-----BEGIN SSH HOST KEY KEYS-----
ecdsa-sha2-nistp256 AAAAE2VjZHNhLXNoYTItbmlzdHAyNTYAAAAIbmlzdHAyNTYAAABBBENX5HdYweDP+xgM84LrNSlSQJVp8NaEHLnCHssD+0KXYRAYrEdmuXjGx1ooYwCSIVyU0w5PXGAVxVcafNw3dZI= root@ubuntu-xenial
ssh-ed25519 AAAAC3NzaC1lZDI1NTE5AAAAIFid51ScQqeyBWAWIvoAUbgazkuqiiQu+KbANq4o7jMm root@ubuntu-xenial
ssh-rsa AAAAB3NzaC1yc2EAAAADAQABAAABAQDPSEr/sVV1dkF1xb1lQ5EXMz9P3WsCz5ntAcSCgkJAKcdNMc9YSgn7Z9IJhnxSitN3qj2cXooCSL6lHHuWrYVVLVvwkV53loqpqtxUQt3DJU8uy8nw7hSPdcz5riC2lPLsSQMDzZcdf4ATIUqdkgTHp+l/wNz0jqRKybg5djauBrjQZHeAE5TMYyET3vk3kq8HZ49jyCESe0mm3O34qAwrYJMHWzdKuPtf1I9Rxs608WADDrYEPJaR0PccBPl/+F5PbgZu41/yjTgGczLo63FsAWuOd8OGy6WJg1aoDl5FqeZdcv9dBGFFrE0lWZKIw9dCY7Tr5zOqr5G834YP47nx root@ubuntu-xenial
-----END SSH HOST KEY KEYS-----
[   44.090985] cloud-init[1311]: Cloud-init v. 0.7.9 running 'modules:final' at Sat, 17 Mar 2018 20:19:22 +0000. Up 43.16 seconds.
[   44.205021] cloud-init[1311]: ci-info: no authorized ssh keys fingerprints found for user ubuntu.
[[0;32m  OK  [0m] Started Execute cloud user/final scripts.
[   44.205206] cloud-init[1311]: Cloud-init v. 0.7.9 finished at Sat, 17 Mar 2018 20:19:23 +0000. Datasource DataSourceNoCloud [seed=/dev/sdb][dsmode=net].  Up 44.08 seconds
[[0;32m  OK  [0m] Reached target Cloud-init target.

Ubuntu 16.04.3 LTS ubuntu-xenial ttyS0

ubuntu-xenial login: 